2015-09-14 23:02:51 INFO  ClassPathXmlApplicationContext:411 - Refreshing org.springframework.context.support.ClassPathXmlApplicationContext@53911ec8: display name [org.springframework.context.support.ClassPathXmlApplicationContext@53911ec8]; startup date [Mon Sep 14 23:02:51 IST 2015]; root of context hierarchy
2015-09-14 23:02:52 INFO  XmlBeanDefinitionReader:323 - Loading XML bean definitions from class path resource [main_springroot_applicationcontext.xml]
2015-09-14 23:02:52 DEBUG DefaultDocumentLoader:72 - Using JAXP provider [org.apache.xerces.jaxp.DocumentBuilderFactoryImpl]
2015-09-14 23:02:52 DEBUG PluggableSchemaResolver:125 - Loading schema mappings from [META-INF/spring.schemas]
2015-09-14 23:02:52 DEBUG PluggableSchemaResolver:131 - Loaded schema mappings: {http://www.springframework.org/schema/security/spring-security-3.0.4.xsd=org/springframework/security/config/spring-security-3.0.4.xsd, http://www.springframework.org/schema/util/spring-util.xsd=org/springframework/beans/factory/xml/spring-util-3.0.xsd, http://www.springframework.org/schema/task/spring-task.xsd=org/springframework/scheduling/config/spring-task-3.0.xsd, http://www.springframework.org/schema/security/spring-security-2.0.2.xsd=org/springframework/security/config/spring-security-2.0.2.xsd, http://www.springframework.org/schema/aop/spring-aop-3.0.xsd=org/springframework/aop/config/spring-aop-3.0.xsd, http://www.springframework.org/schema/aop/spring-aop-2.0.xsd=org/springframework/aop/config/spring-aop-2.0.xsd, http://www.springframework.org/schema/tool/spring-tool-2.5.xsd=org/springframework/beans/factory/xml/spring-tool-2.5.xsd, http://www.springframework.org/schema/beans/spring-beans.xsd=org/springframework/beans/factory/xml/spring-beans-3.0.xsd, http://www.springframework.org/schema/jee/spring-jee-2.5.xsd=org/springframework/ejb/config/spring-jee-2.5.xsd, http://www.springframework.org/schema/security/spring-security-3.0.3.xsd=org/springframework/security/config/spring-security-3.0.3.xsd, http://www.springframework.org/schema/aop/spring-aop.xsd=org/springframework/aop/config/spring-aop-3.0.xsd, http://www.springframework.org/schema/beans/spring-beans-2.0.xsd=org/springframework/beans/factory/xml/spring-beans-2.0.xsd, http://www.springframework.org/schema/mvc/spring-mvc-3.0.xsd=org/springframework/web/servlet/config/spring-mvc-3.0.xsd, http://www.springframework.org/schema/beans/spring-beans-3.0.xsd=org/springframework/beans/factory/xml/spring-beans-3.0.xsd, http://www.springframework.org/schema/security/spring-security-2.0.1.xsd=org/springframework/security/config/spring-security-2.0.1.xsd, http://www.springframework.org/schema/task/spring-task-3.0.xsd=org/springframework/scheduling/config/spring-task-3.0.xsd, http://www.springframework.org/schema/security/spring-security-2.0.xsd=org/springframework/security/config/spring-security-2.0.xsd, http://www.springframework.org/schema/security/spring-security-3.0.xsd=org/springframework/security/config/spring-security-3.0.xsd, http://www.springframework.org/schema/tx/spring-tx-2.5.xsd=org/springframework/transaction/config/spring-tx-2.5.xsd, http://www.springframework.org/schema/context/spring-context-2.5.xsd=org/springframework/context/config/spring-context-2.5.xsd, http://www.springframework.org/schema/jdbc/spring-jdbc-3.0.xsd=org/springframework/jdbc/config/spring-jdbc-3.0.xsd, http://www.springframework.org/schema/tool/spring-tool-3.0.xsd=org/springframework/beans/factory/xml/spring-tool-3.0.xsd, http://www.springframework.org/schema/tx/spring-tx.xsd=org/springframework/transaction/config/spring-tx-3.0.xsd, http://www.springframework.org/schema/tool/spring-tool-2.0.xsd=org/springframework/beans/factory/xml/spring-tool-2.0.xsd, http://www.springframework.org/schema/util/spring-util-2.5.xsd=org/springframework/beans/factory/xml/spring-util-2.5.xsd, http://www.springframework.org/schema/lang/spring-lang.xsd=org/springframework/scripting/config/spring-lang-3.0.xsd, http://www.springframework.org/schema/lang/spring-lang-2.5.xsd=org/springframework/scripting/config/spring-lang-2.5.xsd, http://www.springframework.org/schema/security/spring-security-2.0.4.xsd=org/springframework/security/config/spring-security-2.0.4.xsd, http://www.springframework.org/schema/jee/spring-jee-3.0.xsd=org/springframework/ejb/config/spring-jee-3.0.xsd, http://www.springframework.org/schema/jee/spring-jee-2.0.xsd=org/springframework/ejb/config/spring-jee-2.0.xsd, http://www.springframework.org/schema/security/spring-security.xsd=org/springframework/security/config/spring-security-3.0.4.xsd, http://www.springframework.org/schema/context/spring-context.xsd=org/springframework/context/config/spring-context-3.0.xsd, http://www.springframework.org/schema/jee/spring-jee.xsd=org/springframework/ejb/config/spring-jee-3.0.xsd, http://www.springframework.org/schema/jms/spring-jms-2.5.xsd=org/springframework/jms/config/spring-jms-2.5.xsd, http://www.springframework.org/schema/jms/spring-jms.xsd=org/springframework/jms/config/spring-jms-2.5.xsd, http://www.springframework.org/schema/aop/spring-aop-2.5.xsd=org/springframework/aop/config/spring-aop-2.5.xsd, http://www.springframework.org/schema/mvc/spring-mvc.xsd=org/springframework/web/servlet/config/spring-mvc-3.0.xsd, http://www.springframework.org/schema/jdbc/spring-jdbc.xsd=org/springframework/jdbc/config/spring-jdbc-3.0.xsd, http://www.springframework.org/schema/tx/spring-tx-2.0.xsd=org/springframework/transaction/config/spring-tx-2.0.xsd, http://www.springframework.org/schema/tx/spring-tx-3.0.xsd=org/springframework/transaction/config/spring-tx-3.0.xsd, http://www.springframework.org/schema/context/spring-context-3.0.xsd=org/springframework/context/config/spring-context-3.0.xsd, http://www.springframework.org/schema/tool/spring-tool.xsd=org/springframework/beans/factory/xml/spring-tool-3.0.xsd, http://www.springframework.org/schema/util/spring-util-3.0.xsd=org/springframework/beans/factory/xml/spring-util-3.0.xsd, http://www.springframework.org/schema/lang/spring-lang-3.0.xsd=org/springframework/scripting/config/spring-lang-3.0.xsd, http://www.springframework.org/schema/util/spring-util-2.0.xsd=org/springframework/beans/factory/xml/spring-util-2.0.xsd, http://www.springframework.org/schema/lang/spring-lang-2.0.xsd=org/springframework/scripting/config/spring-lang-2.0.xsd, http://www.springframework.org/schema/beans/spring-beans-2.5.xsd=org/springframework/beans/factory/xml/spring-beans-2.5.xsd}
2015-09-14 23:02:52 DEBUG PluggableSchemaResolver:114 - Found XML schema [http://www.springframework.org/schema/beans/spring-beans-2.5.xsd] in classpath: org/springframework/beans/factory/xml/spring-beans-2.5.xsd
2015-09-14 23:02:52 DEBUG DefaultBeanDefinitionDocumentReader:86 - Loading bean definitions
2015-09-14 23:02:52 INFO  XmlBeanDefinitionReader:323 - Loading XML bean definitions from class path resource [spring_core_applicationcontext.xml]
2015-09-14 23:02:53 DEBUG DefaultDocumentLoader:72 - Using JAXP provider [org.apache.xerces.jaxp.DocumentBuilderFactoryImpl]
2015-09-14 23:02:53 DEBUG PluggableSchemaResolver:114 - Found XML schema [http://www.springframework.org/schema/beans/spring-beans-2.5.xsd] in classpath: org/springframework/beans/factory/xml/spring-beans-2.5.xsd
2015-09-14 23:02:53 DEBUG DefaultBeanDefinitionDocumentReader:86 - Loading bean definitions
2015-09-14 23:02:53 DEBUG DefaultBeanDefinitionDocumentReader:192 - Imported 8 bean definitions from relative location [spring_core_applicationcontext.xml]
2015-09-14 23:02:53 INFO  XmlBeanDefinitionReader:323 - Loading XML bean definitions from class path resource [spring_aop_applicationcontext.xml]
2015-09-14 23:02:53 DEBUG DefaultDocumentLoader:72 - Using JAXP provider [org.apache.xerces.jaxp.DocumentBuilderFactoryImpl]
2015-09-14 23:02:53 DEBUG PluggableSchemaResolver:114 - Found XML schema [http://www.springframework.org/schema/beans/spring-beans-2.5.xsd] in classpath: org/springframework/beans/factory/xml/spring-beans-2.5.xsd
2015-09-14 23:02:53 DEBUG DefaultBeanDefinitionDocumentReader:86 - Loading bean definitions
2015-09-14 23:02:53 DEBUG DefaultBeanDefinitionDocumentReader:192 - Imported 0 bean definitions from relative location [spring_aop_applicationcontext.xml]
2015-09-14 23:02:53 INFO  XmlBeanDefinitionReader:323 - Loading XML bean definitions from class path resource [spring_instrumentaion_applicationcontext.xml]
2015-09-14 23:02:53 DEBUG DefaultDocumentLoader:72 - Using JAXP provider [org.apache.xerces.jaxp.DocumentBuilderFactoryImpl]
2015-09-14 23:02:53 DEBUG PluggableSchemaResolver:114 - Found XML schema [http://www.springframework.org/schema/beans/spring-beans-2.5.xsd] in classpath: org/springframework/beans/factory/xml/spring-beans-2.5.xsd
2015-09-14 23:02:53 DEBUG DefaultBeanDefinitionDocumentReader:86 - Loading bean definitions
2015-09-14 23:02:53 DEBUG DefaultBeanDefinitionDocumentReader:192 - Imported 0 bean definitions from relative location [spring_instrumentaion_applicationcontext.xml]
2015-09-14 23:02:53 INFO  XmlBeanDefinitionReader:323 - Loading XML bean definitions from class path resource [spring_resource_applicationcontext.xml]
2015-09-14 23:02:53 DEBUG DefaultDocumentLoader:72 - Using JAXP provider [org.apache.xerces.jaxp.DocumentBuilderFactoryImpl]
2015-09-14 23:02:53 DEBUG PluggableSchemaResolver:114 - Found XML schema [http://www.springframework.org/schema/beans/spring-beans-2.5.xsd] in classpath: org/springframework/beans/factory/xml/spring-beans-2.5.xsd
2015-09-14 23:02:53 DEBUG DefaultBeanDefinitionDocumentReader:86 - Loading bean definitions
2015-09-14 23:02:53 DEBUG DefaultBeanDefinitionDocumentReader:192 - Imported 0 bean definitions from relative location [spring_resource_applicationcontext.xml]
2015-09-14 23:02:53 INFO  XmlBeanDefinitionReader:323 - Loading XML bean definitions from class path resource [spring_jdbc_applicationcontext.xml]
2015-09-14 23:02:53 DEBUG DefaultDocumentLoader:72 - Using JAXP provider [org.apache.xerces.jaxp.DocumentBuilderFactoryImpl]
2015-09-14 23:02:53 DEBUG PluggableSchemaResolver:114 - Found XML schema [http://www.springframework.org/schema/beans/spring-beans-2.5.xsd] in classpath: org/springframework/beans/factory/xml/spring-beans-2.5.xsd
2015-09-14 23:02:53 DEBUG DefaultBeanDefinitionDocumentReader:86 - Loading bean definitions
2015-09-14 23:02:53 DEBUG DefaultBeanDefinitionDocumentReader:192 - Imported 0 bean definitions from relative location [spring_jdbc_applicationcontext.xml]
2015-09-14 23:02:53 INFO  XmlBeanDefinitionReader:323 - Loading XML bean definitions from class path resource [spring_jms_applicationcontext.xml]
2015-09-14 23:02:53 DEBUG DefaultDocumentLoader:72 - Using JAXP provider [org.apache.xerces.jaxp.DocumentBuilderFactoryImpl]
2015-09-14 23:02:53 DEBUG PluggableSchemaResolver:114 - Found XML schema [http://www.springframework.org/schema/beans/spring-beans-2.5.xsd] in classpath: org/springframework/beans/factory/xml/spring-beans-2.5.xsd
2015-09-14 23:02:53 DEBUG DefaultBeanDefinitionDocumentReader:86 - Loading bean definitions
2015-09-14 23:02:53 DEBUG DefaultBeanDefinitionDocumentReader:192 - Imported 0 bean definitions from relative location [spring_jms_applicationcontext.xml]
2015-09-14 23:02:53 INFO  XmlBeanDefinitionReader:323 - Loading XML bean definitions from class path resource [spring_orxm_applicationcontext.xml]
2015-09-14 23:02:53 DEBUG DefaultDocumentLoader:72 - Using JAXP provider [org.apache.xerces.jaxp.DocumentBuilderFactoryImpl]
2015-09-14 23:02:53 DEBUG PluggableSchemaResolver:114 - Found XML schema [http://www.springframework.org/schema/beans/spring-beans-2.5.xsd] in classpath: org/springframework/beans/factory/xml/spring-beans-2.5.xsd
2015-09-14 23:02:53 DEBUG DefaultBeanDefinitionDocumentReader:86 - Loading bean definitions
2015-09-14 23:02:53 DEBUG DefaultBeanDefinitionDocumentReader:192 - Imported 0 bean definitions from relative location [spring_orxm_applicationcontext.xml]
2015-09-14 23:02:53 INFO  XmlBeanDefinitionReader:323 - Loading XML bean definitions from class path resource [spring_rest_applicationcontext.xml]
2015-09-14 23:02:53 DEBUG DefaultDocumentLoader:72 - Using JAXP provider [org.apache.xerces.jaxp.DocumentBuilderFactoryImpl]
2015-09-14 23:02:53 DEBUG PluggableSchemaResolver:114 - Found XML schema [http://www.springframework.org/schema/beans/spring-beans-2.5.xsd] in classpath: org/springframework/beans/factory/xml/spring-beans-2.5.xsd
2015-09-14 23:02:53 DEBUG DefaultBeanDefinitionDocumentReader:86 - Loading bean definitions
2015-09-14 23:02:53 DEBUG DefaultBeanDefinitionDocumentReader:192 - Imported 0 bean definitions from relative location [spring_rest_applicationcontext.xml]
2015-09-14 23:02:53 INFO  XmlBeanDefinitionReader:323 - Loading XML bean definitions from class path resource [spring_socket_applicationcontext.xml]
2015-09-14 23:02:53 DEBUG DefaultDocumentLoader:72 - Using JAXP provider [org.apache.xerces.jaxp.DocumentBuilderFactoryImpl]
2015-09-14 23:02:53 DEBUG PluggableSchemaResolver:114 - Found XML schema [http://www.springframework.org/schema/beans/spring-beans-2.5.xsd] in classpath: org/springframework/beans/factory/xml/spring-beans-2.5.xsd
2015-09-14 23:02:53 DEBUG DefaultBeanDefinitionDocumentReader:86 - Loading bean definitions
2015-09-14 23:02:53 DEBUG DefaultBeanDefinitionDocumentReader:192 - Imported 0 bean definitions from relative location [spring_socket_applicationcontext.xml]
2015-09-14 23:02:53 INFO  XmlBeanDefinitionReader:323 - Loading XML bean definitions from class path resource [spring_quartz_applicationcontext.xml]
2015-09-14 23:02:53 DEBUG DefaultDocumentLoader:72 - Using JAXP provider [org.apache.xerces.jaxp.DocumentBuilderFactoryImpl]
2015-09-14 23:02:53 DEBUG PluggableSchemaResolver:114 - Found XML schema [http://www.springframework.org/schema/beans/spring-beans-2.5.xsd] in classpath: org/springframework/beans/factory/xml/spring-beans-2.5.xsd
2015-09-14 23:02:53 DEBUG DefaultBeanDefinitionDocumentReader:86 - Loading bean definitions
2015-09-14 23:02:53 DEBUG DefaultBeanDefinitionDocumentReader:192 - Imported 0 bean definitions from relative location [spring_quartz_applicationcontext.xml]
2015-09-14 23:02:53 INFO  XmlBeanDefinitionReader:323 - Loading XML bean definitions from class path resource [spring_batch_applicationcontext.xml]
2015-09-14 23:02:53 DEBUG DefaultDocumentLoader:72 - Using JAXP provider [org.apache.xerces.jaxp.DocumentBuilderFactoryImpl]
2015-09-14 23:02:53 DEBUG PluggableSchemaResolver:114 - Found XML schema [http://www.springframework.org/schema/beans/spring-beans-2.5.xsd] in classpath: org/springframework/beans/factory/xml/spring-beans-2.5.xsd
2015-09-14 23:02:53 DEBUG DefaultBeanDefinitionDocumentReader:86 - Loading bean definitions
2015-09-14 23:02:53 DEBUG DefaultBeanDefinitionDocumentReader:192 - Imported 0 bean definitions from relative location [spring_batch_applicationcontext.xml]
2015-09-14 23:02:53 DEBUG XmlBeanDefinitionReader:185 - Loaded 8 bean definitions from location pattern [classpath:main_springroot_applicationcontext.xml]
2015-09-14 23:02:53 INFO  ClassPathXmlApplicationContext:426 - Bean factory for application context [org.springframework.context.support.ClassPathXmlApplicationContext@53911ec8]: org.springframework.beans.factory.support.DefaultListableBeanFactory@71a7f9f0
2015-09-14 23:02:53 DEBUG ClassPathXmlApplicationContext:430 - 8 beans defined in org.springframework.context.support.ClassPathXmlApplicationContext@53911ec8: display name [org.springframework.context.support.ClassPathXmlApplicationContext@53911ec8]; startup date [Mon Sep 14 23:02:51 IST 2015]; root of context hierarchy
2015-09-14 23:02:53 DEBUG ClassPathXmlApplicationContext:648 - Unable to locate MessageSource with name 'messageSource': using default [org.springframework.context.support.DelegatingMessageSource@223f6902]
2015-09-14 23:02:53 DEBUG ClassPathXmlApplicationContext:672 - Unable to locate ApplicationEventMulticaster with name 'applicationEventMulticaster': using default [org.springframework.context.event.SimpleApplicationEventMulticaster@7512951d]
2015-09-14 23:02:53 INFO  DefaultListableBeanFactory:414 - Pre-instantiating singletons in org.springframework.beans.factory.support.DefaultListableBeanFactory@71a7f9f0: defining beans [genericBean,genericOuterBean,nestedBean,serviceLocator,clientService,beanArgsId,beanArgsName,beanArgsType]; root of factory hierarchy
2015-09-14 23:02:53 DEBUG DefaultListableBeanFactory:214 - Creating shared instance of singleton bean 'genericBean'
2015-09-14 23:02:53 DEBUG DefaultListableBeanFactory:383 - Creating instance of bean 'genericBean'
2015-09-14 23:02:53 DEBUG DefaultListableBeanFactory:459 - Eagerly caching bean 'genericBean' to allow for resolving potential circular references
2015-09-14 23:02:53 DEBUG DefaultListableBeanFactory:411 - Finished creating instance of bean 'genericBean'
2015-09-14 23:02:53 DEBUG DefaultListableBeanFactory:214 - Creating shared instance of singleton bean 'genericOuterBean'
2015-09-14 23:02:53 DEBUG DefaultListableBeanFactory:383 - Creating instance of bean 'genericOuterBean'
2015-09-14 23:02:53 DEBUG DefaultListableBeanFactory:459 - Eagerly caching bean 'genericOuterBean' to allow for resolving potential circular references
2015-09-14 23:02:53 DEBUG DefaultListableBeanFactory:214 - Creating shared instance of singleton bean 'nestedBean'
2015-09-14 23:02:53 DEBUG DefaultListableBeanFactory:383 - Creating instance of bean 'nestedBean'
2015-09-14 23:02:53 DEBUG DefaultListableBeanFactory:459 - Eagerly caching bean 'nestedBean' to allow for resolving potential circular references
2015-09-14 23:02:53 DEBUG DefaultListableBeanFactory:411 - Finished creating instance of bean 'nestedBean'
2015-09-14 23:02:53 DEBUG DefaultListableBeanFactory:411 - Finished creating instance of bean 'genericOuterBean'
2015-09-14 23:02:53 DEBUG DefaultListableBeanFactory:214 - Returning cached instance of singleton bean 'nestedBean'
2015-09-14 23:02:53 DEBUG DefaultListableBeanFactory:214 - Creating shared instance of singleton bean 'serviceLocator'
2015-09-14 23:02:53 DEBUG DefaultListableBeanFactory:383 - Creating instance of bean 'serviceLocator'
2015-09-14 23:02:53 DEBUG DefaultListableBeanFactory:459 - Eagerly caching bean 'serviceLocator' to allow for resolving potential circular references
2015-09-14 23:02:53 DEBUG DefaultListableBeanFactory:411 - Finished creating instance of bean 'serviceLocator'
2015-09-14 23:02:53 DEBUG DefaultListableBeanFactory:214 - Creating shared instance of singleton bean 'clientService'
2015-09-14 23:02:53 DEBUG DefaultListableBeanFactory:383 - Creating instance of bean 'clientService'
2015-09-14 23:02:53 DEBUG DefaultListableBeanFactory:214 - Returning cached instance of singleton bean 'serviceLocator'
2015-09-14 23:02:53 DEBUG DefaultListableBeanFactory:459 - Eagerly caching bean 'clientService' to allow for resolving potential circular references
2015-09-14 23:02:53 DEBUG DefaultListableBeanFactory:411 - Finished creating instance of bean 'clientService'
2015-09-14 23:02:53 DEBUG DefaultListableBeanFactory:214 - Creating shared instance of singleton bean 'beanArgsId'
2015-09-14 23:02:53 DEBUG DefaultListableBeanFactory:383 - Creating instance of bean 'beanArgsId'
2015-09-14 23:02:53 DEBUG DefaultListableBeanFactory:459 - Eagerly caching bean 'beanArgsId' to allow for resolving potential circular references
2015-09-14 23:02:53 DEBUG DefaultListableBeanFactory:411 - Finished creating instance of bean 'beanArgsId'
2015-09-14 23:02:53 DEBUG DefaultListableBeanFactory:214 - Creating shared instance of singleton bean 'beanArgsName'
2015-09-14 23:02:53 DEBUG DefaultListableBeanFactory:383 - Creating instance of bean 'beanArgsName'
2015-09-14 23:02:53 DEBUG DefaultListableBeanFactory:459 - Eagerly caching bean 'beanArgsName' to allow for resolving potential circular references
2015-09-14 23:02:53 DEBUG DefaultListableBeanFactory:411 - Finished creating instance of bean 'beanArgsName'
2015-09-14 23:02:53 DEBUG DefaultListableBeanFactory:214 - Creating shared instance of singleton bean 'beanArgsType'
2015-09-14 23:02:53 DEBUG DefaultListableBeanFactory:383 - Creating instance of bean 'beanArgsType'
2015-09-14 23:02:53 DEBUG DefaultListableBeanFactory:459 - Eagerly caching bean 'beanArgsType' to allow for resolving potential circular references
2015-09-14 23:02:53 DEBUG DefaultListableBeanFactory:411 - Finished creating instance of bean 'beanArgsType'
2015-09-14 23:02:53 DEBUG DefaultListableBeanFactory:214 - Returning cached instance of singleton bean 'genericBean'
2015-09-14 23:02:53 DEBUG DefaultListableBeanFactory:214 - Returning cached instance of singleton bean 'genericOuterBean'
2015-09-14 23:02:53 DEBUG DefaultListableBeanFactory:214 - Returning cached instance of singleton bean 'nestedBean'
2015-09-14 23:02:53 DEBUG DefaultListableBeanFactory:214 - Returning cached instance of singleton bean 'serviceLocator'
2015-09-14 23:02:53 DEBUG DefaultListableBeanFactory:214 - Returning cached instance of singleton bean 'clientService'
2015-09-14 23:02:53 DEBUG DefaultListableBeanFactory:214 - Returning cached instance of singleton bean 'beanArgsId'
2015-09-14 23:02:53 DEBUG DefaultListableBeanFactory:214 - Returning cached instance of singleton bean 'beanArgsName'
2015-09-14 23:02:53 DEBUG DefaultListableBeanFactory:214 - Returning cached instance of singleton bean 'beanArgsType'
2015-09-14 23:02:53 DEBUG DefaultListableBeanFactory:214 - Returning cached instance of singleton bean 'genericBean'
2015-09-14 23:02:53 DEBUG DefaultListableBeanFactory:214 - Returning cached instance of singleton bean 'genericOuterBean'
2015-09-14 23:02:53 DEBUG DefaultListableBeanFactory:214 - Returning cached instance of singleton bean 'nestedBean'
2015-09-14 23:02:53 DEBUG DefaultListableBeanFactory:214 - Returning cached instance of singleton bean 'serviceLocator'
2015-09-14 23:02:53 DEBUG DefaultListableBeanFactory:214 - Returning cached instance of singleton bean 'clientService'
2015-09-14 23:02:53 DEBUG DefaultListableBeanFactory:214 - Returning cached instance of singleton bean 'beanArgsId'
2015-09-14 23:02:53 DEBUG DefaultListableBeanFactory:214 - Returning cached instance of singleton bean 'beanArgsName'
2015-09-14 23:02:53 DEBUG DefaultListableBeanFactory:214 - Returning cached instance of singleton bean 'beanArgsType'
2015-09-14 23:05:03 INFO  ClassPathXmlApplicationContext:411 - Refreshing org.springframework.context.support.ClassPathXmlApplicationContext@563087bd: display name [org.springframework.context.support.ClassPathXmlApplicationContext@563087bd]; startup date [Mon Sep 14 23:05:03 IST 2015]; root of context hierarchy
2015-09-14 23:05:03 INFO  XmlBeanDefinitionReader:323 - Loading XML bean definitions from class path resource [main_springroot_applicationcontext.xml]
2015-09-14 23:05:03 DEBUG DefaultDocumentLoader:72 - Using JAXP provider [org.apache.xerces.jaxp.DocumentBuilderFactoryImpl]
2015-09-14 23:05:04 DEBUG PluggableSchemaResolver:125 - Loading schema mappings from [META-INF/spring.schemas]
2015-09-14 23:05:04 DEBUG PluggableSchemaResolver:131 - Loaded schema mappings: {http://www.springframework.org/schema/security/spring-security-3.0.4.xsd=org/springframework/security/config/spring-security-3.0.4.xsd, http://www.springframework.org/schema/util/spring-util.xsd=org/springframework/beans/factory/xml/spring-util-3.0.xsd, http://www.springframework.org/schema/task/spring-task.xsd=org/springframework/scheduling/config/spring-task-3.0.xsd, http://www.springframework.org/schema/security/spring-security-2.0.2.xsd=org/springframework/security/config/spring-security-2.0.2.xsd, http://www.springframework.org/schema/aop/spring-aop-3.0.xsd=org/springframework/aop/config/spring-aop-3.0.xsd, http://www.springframework.org/schema/aop/spring-aop-2.0.xsd=org/springframework/aop/config/spring-aop-2.0.xsd, http://www.springframework.org/schema/tool/spring-tool-2.5.xsd=org/springframework/beans/factory/xml/spring-tool-2.5.xsd, http://www.springframework.org/schema/beans/spring-beans.xsd=org/springframework/beans/factory/xml/spring-beans-3.0.xsd, http://www.springframework.org/schema/jee/spring-jee-2.5.xsd=org/springframework/ejb/config/spring-jee-2.5.xsd, http://www.springframework.org/schema/security/spring-security-3.0.3.xsd=org/springframework/security/config/spring-security-3.0.3.xsd, http://www.springframework.org/schema/aop/spring-aop.xsd=org/springframework/aop/config/spring-aop-3.0.xsd, http://www.springframework.org/schema/beans/spring-beans-2.0.xsd=org/springframework/beans/factory/xml/spring-beans-2.0.xsd, http://www.springframework.org/schema/mvc/spring-mvc-3.0.xsd=org/springframework/web/servlet/config/spring-mvc-3.0.xsd, http://www.springframework.org/schema/beans/spring-beans-3.0.xsd=org/springframework/beans/factory/xml/spring-beans-3.0.xsd, http://www.springframework.org/schema/security/spring-security-2.0.1.xsd=org/springframework/security/config/spring-security-2.0.1.xsd, http://www.springframework.org/schema/task/spring-task-3.0.xsd=org/springframework/scheduling/config/spring-task-3.0.xsd, http://www.springframework.org/schema/security/spring-security-2.0.xsd=org/springframework/security/config/spring-security-2.0.xsd, http://www.springframework.org/schema/security/spring-security-3.0.xsd=org/springframework/security/config/spring-security-3.0.xsd, http://www.springframework.org/schema/tx/spring-tx-2.5.xsd=org/springframework/transaction/config/spring-tx-2.5.xsd, http://www.springframework.org/schema/context/spring-context-2.5.xsd=org/springframework/context/config/spring-context-2.5.xsd, http://www.springframework.org/schema/jdbc/spring-jdbc-3.0.xsd=org/springframework/jdbc/config/spring-jdbc-3.0.xsd, http://www.springframework.org/schema/tool/spring-tool-3.0.xsd=org/springframework/beans/factory/xml/spring-tool-3.0.xsd, http://www.springframework.org/schema/tx/spring-tx.xsd=org/springframework/transaction/config/spring-tx-3.0.xsd, http://www.springframework.org/schema/tool/spring-tool-2.0.xsd=org/springframework/beans/factory/xml/spring-tool-2.0.xsd, http://www.springframework.org/schema/util/spring-util-2.5.xsd=org/springframework/beans/factory/xml/spring-util-2.5.xsd, http://www.springframework.org/schema/lang/spring-lang.xsd=org/springframework/scripting/config/spring-lang-3.0.xsd, http://www.springframework.org/schema/lang/spring-lang-2.5.xsd=org/springframework/scripting/config/spring-lang-2.5.xsd, http://www.springframework.org/schema/security/spring-security-2.0.4.xsd=org/springframework/security/config/spring-security-2.0.4.xsd, http://www.springframework.org/schema/jee/spring-jee-3.0.xsd=org/springframework/ejb/config/spring-jee-3.0.xsd, http://www.springframework.org/schema/jee/spring-jee-2.0.xsd=org/springframework/ejb/config/spring-jee-2.0.xsd, http://www.springframework.org/schema/security/spring-security.xsd=org/springframework/security/config/spring-security-3.0.4.xsd, http://www.springframework.org/schema/context/spring-context.xsd=org/springframework/context/config/spring-context-3.0.xsd, http://www.springframework.org/schema/jee/spring-jee.xsd=org/springframework/ejb/config/spring-jee-3.0.xsd, http://www.springframework.org/schema/jms/spring-jms-2.5.xsd=org/springframework/jms/config/spring-jms-2.5.xsd, http://www.springframework.org/schema/jms/spring-jms.xsd=org/springframework/jms/config/spring-jms-2.5.xsd, http://www.springframework.org/schema/aop/spring-aop-2.5.xsd=org/springframework/aop/config/spring-aop-2.5.xsd, http://www.springframework.org/schema/mvc/spring-mvc.xsd=org/springframework/web/servlet/config/spring-mvc-3.0.xsd, http://www.springframework.org/schema/jdbc/spring-jdbc.xsd=org/springframework/jdbc/config/spring-jdbc-3.0.xsd, http://www.springframework.org/schema/tx/spring-tx-2.0.xsd=org/springframework/transaction/config/spring-tx-2.0.xsd, http://www.springframework.org/schema/tx/spring-tx-3.0.xsd=org/springframework/transaction/config/spring-tx-3.0.xsd, http://www.springframework.org/schema/context/spring-context-3.0.xsd=org/springframework/context/config/spring-context-3.0.xsd, http://www.springframework.org/schema/tool/spring-tool.xsd=org/springframework/beans/factory/xml/spring-tool-3.0.xsd, http://www.springframework.org/schema/util/spring-util-3.0.xsd=org/springframework/beans/factory/xml/spring-util-3.0.xsd, http://www.springframework.org/schema/lang/spring-lang-3.0.xsd=org/springframework/scripting/config/spring-lang-3.0.xsd, http://www.springframework.org/schema/util/spring-util-2.0.xsd=org/springframework/beans/factory/xml/spring-util-2.0.xsd, http://www.springframework.org/schema/lang/spring-lang-2.0.xsd=org/springframework/scripting/config/spring-lang-2.0.xsd, http://www.springframework.org/schema/beans/spring-beans-2.5.xsd=org/springframework/beans/factory/xml/spring-beans-2.5.xsd}
2015-09-14 23:05:04 DEBUG PluggableSchemaResolver:114 - Found XML schema [http://www.springframework.org/schema/beans/spring-beans-2.5.xsd] in classpath: org/springframework/beans/factory/xml/spring-beans-2.5.xsd
2015-09-14 23:05:04 DEBUG DefaultBeanDefinitionDocumentReader:86 - Loading bean definitions
2015-09-14 23:05:04 INFO  XmlBeanDefinitionReader:323 - Loading XML bean definitions from class path resource [spring_core_applicationcontext.xml]
2015-09-14 23:05:04 DEBUG DefaultDocumentLoader:72 - Using JAXP provider [org.apache.xerces.jaxp.DocumentBuilderFactoryImpl]
2015-09-14 23:05:04 DEBUG PluggableSchemaResolver:114 - Found XML schema [http://www.springframework.org/schema/beans/spring-beans-2.5.xsd] in classpath: org/springframework/beans/factory/xml/spring-beans-2.5.xsd
2015-09-14 23:05:04 DEBUG DefaultBeanDefinitionDocumentReader:86 - Loading bean definitions
2015-09-14 23:05:04 DEBUG DefaultBeanDefinitionDocumentReader:192 - Imported 8 bean definitions from relative location [spring_core_applicationcontext.xml]
2015-09-14 23:05:04 INFO  XmlBeanDefinitionReader:323 - Loading XML bean definitions from class path resource [spring_aop_applicationcontext.xml]
2015-09-14 23:05:04 DEBUG DefaultDocumentLoader:72 - Using JAXP provider [org.apache.xerces.jaxp.DocumentBuilderFactoryImpl]
2015-09-14 23:05:04 DEBUG PluggableSchemaResolver:114 - Found XML schema [http://www.springframework.org/schema/beans/spring-beans-2.5.xsd] in classpath: org/springframework/beans/factory/xml/spring-beans-2.5.xsd
2015-09-14 23:05:04 DEBUG DefaultBeanDefinitionDocumentReader:86 - Loading bean definitions
2015-09-14 23:05:04 DEBUG DefaultBeanDefinitionDocumentReader:192 - Imported 0 bean definitions from relative location [spring_aop_applicationcontext.xml]
2015-09-14 23:05:04 INFO  XmlBeanDefinitionReader:323 - Loading XML bean definitions from class path resource [spring_instrumentaion_applicationcontext.xml]
2015-09-14 23:05:04 DEBUG DefaultDocumentLoader:72 - Using JAXP provider [org.apache.xerces.jaxp.DocumentBuilderFactoryImpl]
2015-09-14 23:05:04 DEBUG PluggableSchemaResolver:114 - Found XML schema [http://www.springframework.org/schema/beans/spring-beans-2.5.xsd] in classpath: org/springframework/beans/factory/xml/spring-beans-2.5.xsd
2015-09-14 23:05:04 DEBUG DefaultBeanDefinitionDocumentReader:86 - Loading bean definitions
2015-09-14 23:05:04 DEBUG DefaultBeanDefinitionDocumentReader:192 - Imported 0 bean definitions from relative location [spring_instrumentaion_applicationcontext.xml]
2015-09-14 23:05:04 INFO  XmlBeanDefinitionReader:323 - Loading XML bean definitions from class path resource [spring_resource_applicationcontext.xml]
2015-09-14 23:05:04 DEBUG DefaultDocumentLoader:72 - Using JAXP provider [org.apache.xerces.jaxp.DocumentBuilderFactoryImpl]
2015-09-14 23:05:04 DEBUG PluggableSchemaResolver:114 - Found XML schema [http://www.springframework.org/schema/beans/spring-beans-2.5.xsd] in classpath: org/springframework/beans/factory/xml/spring-beans-2.5.xsd
2015-09-14 23:05:04 DEBUG DefaultBeanDefinitionDocumentReader:86 - Loading bean definitions
2015-09-14 23:05:04 DEBUG DefaultBeanDefinitionDocumentReader:192 - Imported 0 bean definitions from relative location [spring_resource_applicationcontext.xml]
2015-09-14 23:05:04 INFO  XmlBeanDefinitionReader:323 - Loading XML bean definitions from class path resource [spring_jdbc_applicationcontext.xml]
2015-09-14 23:05:04 DEBUG DefaultDocumentLoader:72 - Using JAXP provider [org.apache.xerces.jaxp.DocumentBuilderFactoryImpl]
2015-09-14 23:05:04 DEBUG PluggableSchemaResolver:114 - Found XML schema [http://www.springframework.org/schema/beans/spring-beans-2.5.xsd] in classpath: org/springframework/beans/factory/xml/spring-beans-2.5.xsd
2015-09-14 23:05:04 DEBUG DefaultBeanDefinitionDocumentReader:86 - Loading bean definitions
2015-09-14 23:05:04 DEBUG DefaultBeanDefinitionDocumentReader:192 - Imported 0 bean definitions from relative location [spring_jdbc_applicationcontext.xml]
2015-09-14 23:05:04 INFO  XmlBeanDefinitionReader:323 - Loading XML bean definitions from class path resource [spring_jms_applicationcontext.xml]
2015-09-14 23:05:04 DEBUG DefaultDocumentLoader:72 - Using JAXP provider [org.apache.xerces.jaxp.DocumentBuilderFactoryImpl]
2015-09-14 23:05:04 DEBUG PluggableSchemaResolver:114 - Found XML schema [http://www.springframework.org/schema/beans/spring-beans-2.5.xsd] in classpath: org/springframework/beans/factory/xml/spring-beans-2.5.xsd
2015-09-14 23:05:04 DEBUG DefaultBeanDefinitionDocumentReader:86 - Loading bean definitions
2015-09-14 23:05:04 DEBUG DefaultBeanDefinitionDocumentReader:192 - Imported 0 bean definitions from relative location [spring_jms_applicationcontext.xml]
2015-09-14 23:05:04 INFO  XmlBeanDefinitionReader:323 - Loading XML bean definitions from class path resource [spring_orxm_applicationcontext.xml]
2015-09-14 23:05:04 DEBUG DefaultDocumentLoader:72 - Using JAXP provider [org.apache.xerces.jaxp.DocumentBuilderFactoryImpl]
2015-09-14 23:05:04 DEBUG PluggableSchemaResolver:114 - Found XML schema [http://www.springframework.org/schema/beans/spring-beans-2.5.xsd] in classpath: org/springframework/beans/factory/xml/spring-beans-2.5.xsd
2015-09-14 23:05:04 DEBUG DefaultBeanDefinitionDocumentReader:86 - Loading bean definitions
2015-09-14 23:05:04 DEBUG DefaultBeanDefinitionDocumentReader:192 - Imported 0 bean definitions from relative location [spring_orxm_applicationcontext.xml]
2015-09-14 23:05:04 INFO  XmlBeanDefinitionReader:323 - Loading XML bean definitions from class path resource [spring_rest_applicationcontext.xml]
2015-09-14 23:05:04 DEBUG DefaultDocumentLoader:72 - Using JAXP provider [org.apache.xerces.jaxp.DocumentBuilderFactoryImpl]
2015-09-14 23:05:04 DEBUG PluggableSchemaResolver:114 - Found XML schema [http://www.springframework.org/schema/beans/spring-beans-2.5.xsd] in classpath: org/springframework/beans/factory/xml/spring-beans-2.5.xsd
2015-09-14 23:05:04 DEBUG DefaultBeanDefinitionDocumentReader:86 - Loading bean definitions
2015-09-14 23:05:04 DEBUG DefaultBeanDefinitionDocumentReader:192 - Imported 0 bean definitions from relative location [spring_rest_applicationcontext.xml]
2015-09-14 23:05:04 INFO  XmlBeanDefinitionReader:323 - Loading XML bean definitions from class path resource [spring_socket_applicationcontext.xml]
2015-09-14 23:05:04 DEBUG DefaultDocumentLoader:72 - Using JAXP provider [org.apache.xerces.jaxp.DocumentBuilderFactoryImpl]
2015-09-14 23:05:04 DEBUG PluggableSchemaResolver:114 - Found XML schema [http://www.springframework.org/schema/beans/spring-beans-2.5.xsd] in classpath: org/springframework/beans/factory/xml/spring-beans-2.5.xsd
2015-09-14 23:05:04 DEBUG DefaultBeanDefinitionDocumentReader:86 - Loading bean definitions
2015-09-14 23:05:04 DEBUG DefaultBeanDefinitionDocumentReader:192 - Imported 0 bean definitions from relative location [spring_socket_applicationcontext.xml]
2015-09-14 23:05:04 INFO  XmlBeanDefinitionReader:323 - Loading XML bean definitions from class path resource [spring_quartz_applicationcontext.xml]
2015-09-14 23:05:04 DEBUG DefaultDocumentLoader:72 - Using JAXP provider [org.apache.xerces.jaxp.DocumentBuilderFactoryImpl]
2015-09-14 23:05:04 DEBUG PluggableSchemaResolver:114 - Found XML schema [http://www.springframework.org/schema/beans/spring-beans-2.5.xsd] in classpath: org/springframework/beans/factory/xml/spring-beans-2.5.xsd
2015-09-14 23:05:05 DEBUG DefaultBeanDefinitionDocumentReader:86 - Loading bean definitions
2015-09-14 23:05:05 DEBUG DefaultBeanDefinitionDocumentReader:192 - Imported 0 bean definitions from relative location [spring_quartz_applicationcontext.xml]
2015-09-14 23:05:05 INFO  XmlBeanDefinitionReader:323 - Loading XML bean definitions from class path resource [spring_batch_applicationcontext.xml]
2015-09-14 23:05:05 DEBUG DefaultDocumentLoader:72 - Using JAXP provider [org.apache.xerces.jaxp.DocumentBuilderFactoryImpl]
2015-09-14 23:05:05 DEBUG PluggableSchemaResolver:114 - Found XML schema [http://www.springframework.org/schema/beans/spring-beans-2.5.xsd] in classpath: org/springframework/beans/factory/xml/spring-beans-2.5.xsd
2015-09-14 23:05:05 DEBUG DefaultBeanDefinitionDocumentReader:86 - Loading bean definitions
2015-09-14 23:05:05 DEBUG DefaultBeanDefinitionDocumentReader:192 - Imported 0 bean definitions from relative location [spring_batch_applicationcontext.xml]
2015-09-14 23:05:05 DEBUG XmlBeanDefinitionReader:185 - Loaded 8 bean definitions from location pattern [classpath:main_springroot_applicationcontext.xml]
2015-09-14 23:05:05 INFO  ClassPathXmlApplicationContext:426 - Bean factory for application context [org.springframework.context.support.ClassPathXmlApplicationContext@563087bd]: org.springframework.beans.factory.support.DefaultListableBeanFactory@215bf054
2015-09-14 23:05:05 DEBUG ClassPathXmlApplicationContext:430 - 8 beans defined in org.springframework.context.support.ClassPathXmlApplicationContext@563087bd: display name [org.springframework.context.support.ClassPathXmlApplicationContext@563087bd]; startup date [Mon Sep 14 23:05:03 IST 2015]; root of context hierarchy
2015-09-14 23:05:05 DEBUG ClassPathXmlApplicationContext:648 - Unable to locate MessageSource with name 'messageSource': using default [org.springframework.context.support.DelegatingMessageSource@6b7b9f29]
2015-09-14 23:05:05 DEBUG ClassPathXmlApplicationContext:672 - Unable to locate ApplicationEventMulticaster with name 'applicationEventMulticaster': using default [org.springframework.context.event.SimpleApplicationEventMulticaster@7d29af05]
2015-09-14 23:05:05 INFO  DefaultListableBeanFactory:414 - Pre-instantiating singletons in org.springframework.beans.factory.support.DefaultListableBeanFactory@215bf054: defining beans [genericBean,genericOuterBean,nestedBean,serviceLocator,clientService,beanArgsId,beanArgsName,beanArgsType]; root of factory hierarchy
2015-09-14 23:05:05 DEBUG DefaultListableBeanFactory:214 - Creating shared instance of singleton bean 'genericBean'
2015-09-14 23:05:05 DEBUG DefaultListableBeanFactory:383 - Creating instance of bean 'genericBean'
2015-09-14 23:05:05 DEBUG DefaultListableBeanFactory:459 - Eagerly caching bean 'genericBean' to allow for resolving potential circular references
2015-09-14 23:05:05 DEBUG DefaultListableBeanFactory:411 - Finished creating instance of bean 'genericBean'
2015-09-14 23:05:05 DEBUG DefaultListableBeanFactory:214 - Creating shared instance of singleton bean 'genericOuterBean'
2015-09-14 23:05:05 DEBUG DefaultListableBeanFactory:383 - Creating instance of bean 'genericOuterBean'
2015-09-14 23:05:05 DEBUG DefaultListableBeanFactory:459 - Eagerly caching bean 'genericOuterBean' to allow for resolving potential circular references
2015-09-14 23:05:05 DEBUG DefaultListableBeanFactory:214 - Creating shared instance of singleton bean 'nestedBean'
2015-09-14 23:05:05 DEBUG DefaultListableBeanFactory:383 - Creating instance of bean 'nestedBean'
2015-09-14 23:05:05 DEBUG DefaultListableBeanFactory:459 - Eagerly caching bean 'nestedBean' to allow for resolving potential circular references
2015-09-14 23:05:05 DEBUG DefaultListableBeanFactory:411 - Finished creating instance of bean 'nestedBean'
2015-09-14 23:05:05 DEBUG DefaultListableBeanFactory:411 - Finished creating instance of bean 'genericOuterBean'
2015-09-14 23:05:05 DEBUG DefaultListableBeanFactory:214 - Returning cached instance of singleton bean 'nestedBean'
2015-09-14 23:05:05 DEBUG DefaultListableBeanFactory:214 - Creating shared instance of singleton bean 'serviceLocator'
2015-09-14 23:05:05 DEBUG DefaultListableBeanFactory:383 - Creating instance of bean 'serviceLocator'
2015-09-14 23:05:05 DEBUG DefaultListableBeanFactory:459 - Eagerly caching bean 'serviceLocator' to allow for resolving potential circular references
2015-09-14 23:05:05 DEBUG DefaultListableBeanFactory:411 - Finished creating instance of bean 'serviceLocator'
2015-09-14 23:05:05 DEBUG DefaultListableBeanFactory:214 - Creating shared instance of singleton bean 'clientService'
2015-09-14 23:05:05 DEBUG DefaultListableBeanFactory:383 - Creating instance of bean 'clientService'
2015-09-14 23:05:05 DEBUG DefaultListableBeanFactory:214 - Returning cached instance of singleton bean 'serviceLocator'
2015-09-14 23:05:05 DEBUG DefaultListableBeanFactory:459 - Eagerly caching bean 'clientService' to allow for resolving potential circular references
2015-09-14 23:05:05 DEBUG DefaultListableBeanFactory:411 - Finished creating instance of bean 'clientService'
2015-09-14 23:05:05 DEBUG DefaultListableBeanFactory:214 - Creating shared instance of singleton bean 'beanArgsId'
2015-09-14 23:05:05 DEBUG DefaultListableBeanFactory:383 - Creating instance of bean 'beanArgsId'
2015-09-14 23:05:05 DEBUG DefaultListableBeanFactory:459 - Eagerly caching bean 'beanArgsId' to allow for resolving potential circular references
2015-09-14 23:05:05 DEBUG DefaultListableBeanFactory:411 - Finished creating instance of bean 'beanArgsId'
2015-09-14 23:05:05 DEBUG DefaultListableBeanFactory:214 - Creating shared instance of singleton bean 'beanArgsName'
2015-09-14 23:05:05 DEBUG DefaultListableBeanFactory:383 - Creating instance of bean 'beanArgsName'
2015-09-14 23:05:05 DEBUG DefaultListableBeanFactory:459 - Eagerly caching bean 'beanArgsName' to allow for resolving potential circular references
2015-09-14 23:05:05 DEBUG DefaultListableBeanFactory:411 - Finished creating instance of bean 'beanArgsName'
2015-09-14 23:05:05 DEBUG DefaultListableBeanFactory:214 - Creating shared instance of singleton bean 'beanArgsType'
2015-09-14 23:05:05 DEBUG DefaultListableBeanFactory:383 - Creating instance of bean 'beanArgsType'
2015-09-14 23:05:05 DEBUG DefaultListableBeanFactory:459 - Eagerly caching bean 'beanArgsType' to allow for resolving potential circular references
2015-09-14 23:05:05 DEBUG DefaultListableBeanFactory:411 - Finished creating instance of bean 'beanArgsType'
2015-09-14 23:05:05 DEBUG DefaultListableBeanFactory:214 - Returning cached instance of singleton bean 'genericBean'
2015-09-14 23:05:05 DEBUG DefaultListableBeanFactory:214 - Returning cached instance of singleton bean 'genericOuterBean'
2015-09-14 23:05:05 DEBUG DefaultListableBeanFactory:214 - Returning cached instance of singleton bean 'nestedBean'
2015-09-14 23:05:05 DEBUG DefaultListableBeanFactory:214 - Returning cached instance of singleton bean 'serviceLocator'
2015-09-14 23:05:05 DEBUG DefaultListableBeanFactory:214 - Returning cached instance of singleton bean 'clientService'
2015-09-14 23:05:05 DEBUG DefaultListableBeanFactory:214 - Returning cached instance of singleton bean 'beanArgsId'
2015-09-14 23:05:05 DEBUG DefaultListableBeanFactory:214 - Returning cached instance of singleton bean 'beanArgsName'
2015-09-14 23:05:05 DEBUG DefaultListableBeanFactory:214 - Returning cached instance of singleton bean 'beanArgsType'
2015-09-14 23:05:05 DEBUG DefaultListableBeanFactory:214 - Returning cached instance of singleton bean 'genericBean'
2015-09-14 23:05:05 DEBUG DefaultListableBeanFactory:214 - Returning cached instance of singleton bean 'genericOuterBean'
2015-09-14 23:05:05 DEBUG DefaultListableBeanFactory:214 - Returning cached instance of singleton bean 'nestedBean'
2015-09-14 23:05:05 DEBUG DefaultListableBeanFactory:214 - Returning cached instance of singleton bean 'serviceLocator'
2015-09-14 23:05:05 DEBUG DefaultListableBeanFactory:214 - Returning cached instance of singleton bean 'clientService'
2015-09-14 23:05:05 DEBUG DefaultListableBeanFactory:214 - Returning cached instance of singleton bean 'beanArgsId'
2015-09-14 23:05:05 DEBUG DefaultListableBeanFactory:214 - Returning cached instance of singleton bean 'beanArgsName'
2015-09-14 23:05:05 DEBUG DefaultListableBeanFactory:214 - Returning cached instance of singleton bean 'beanArgsType'
